Using pre-set license
Built from '2020.3/staging' branch; Version is '2020.3.28f1 (f5400f52e03f) revision 16072719'; Using compiler version '192528614'; Build Type 'Release'
OS: 'Windows 10  (10.0.19043) 64bit Core' Language: 'en' Physical Memory: 16180 MB
BatchMode: 1, IsHumanControllingUs: 0, StartBugReporterOnCrash: 0, Is64bit: 1, IsPro: 0

COMMAND LINE ARGUMENTS:
C:\Program Files\Unity\Hub\Editor\2020.3.28f1\Editor\Unity.exe
-adb2
-batchMode
-noUpm
-name
AssetImportWorker0
-projectPath
C:/Users/mathi/OneDrive - ViaUC/Skrivebord/Bachelor/IkeaUnityFinal/IkeaAssembly
-logFile
Logs/AssetImportWorker0.log
-srvPort
63142
Successfully changed project path to: C:/Users/mathi/OneDrive - ViaUC/Skrivebord/Bachelor/IkeaUnityFinal/IkeaAssembly
C:/Users/mathi/OneDrive - ViaUC/Skrivebord/Bachelor/IkeaUnityFinal/IkeaAssembly
Using Asset Import Pipeline V2.
Refreshing native plugins compatible for Editor in 62.41 ms, found 2 plugins.
Preloading 0 native plugins for Editor in 0.00 ms.
Initialize engine version: 2020.3.28f1 (f5400f52e03f)
[Subsystems] Discovering subsystems at path C:/Program Files/Unity/Hub/Editor/2020.3.28f1/Editor/Data/Resources/UnitySubsystems
[Subsystems] Discovering subsystems at path C:/Users/mathi/OneDrive - ViaUC/Skrivebord/Bachelor/IkeaUnityFinal/IkeaAssembly/Assets
GfxDevice: creating device client; threaded=0
Direct3D:
    Version:  Direct3D 11.0 [level 11.1]
    Renderer: Intel(R) UHD Graphics (ID=0x9b41)
    Vendor:   
    VRAM:     8090 MB
    Driver:   27.20.100.8729
Initialize mono
Mono path[0] = 'C:/Program Files/Unity/Hub/Editor/2020.3.28f1/Editor/Data/Managed'
Mono path[1] = 'C:/Program Files/Unity/Hub/Editor/2020.3.28f1/Editor/Data/MonoBleedingEdge/lib/mono/unityjit'
Mono config path = 'C:/Program Files/Unity/Hub/Editor/2020.3.28f1/Editor/Data/MonoBleedingEdge/etc'
Using monoOptions --debugger-agent=transport=dt_socket,embedding=1,server=y,suspend=n,address=127.0.0.1:56872
Begin MonoManager ReloadAssembly
Registering precompiled unity dll's ...
Register platform support module: C:/Program Files/Unity/Hub/Editor/2020.3.28f1/Editor/Data/PlaybackEngines/WebGLSupport/UnityEditor.WebGL.Extensions.dll
Register platform support module: C:/Program Files/Unity/Hub/Editor/2020.3.28f1/Editor/Data/PlaybackEngines/WindowsStandaloneSupport/UnityEditor.WindowsStandalone.Extensions.dll
Registered in 0.005929 seconds.
Native extension for WindowsStandalone target not found
Native extension for WebGL target not found
Refreshing native plugins compatible for Editor in 74.11 ms, found 2 plugins.
Preloading 0 native plugins for Editor in 0.00 ms.
Mono: successfully reloaded assembly
- Completed reload, in  1.176 seconds
Domain Reload Profiling:
	ReloadAssembly (1176ms)
		BeginReloadAssembly (127ms)
			ExecutionOrderSort (0ms)
			DisableScriptedObjects (0ms)
			BackupInstance (0ms)
			ReleaseScriptingObjects (0ms)
			CreateAndSetChildDomain (2ms)
		EndReloadAssembly (914ms)
			LoadAssemblies (122ms)
			RebuildTransferFunctionScriptingTraits (0ms)
			SetupTypeCache (267ms)
			ReleaseScriptCaches (0ms)
			RebuildScriptCaches (67ms)
			SetupLoadedEditorAssemblies (309ms)
				LogAssemblyErrors (0ms)
				InitializePlatformSupportModulesInManaged (9ms)
				SetLoadedEditorAssemblies (1ms)
				RefreshPlugins (74ms)
				BeforeProcessingInitializeOnLoad (25ms)
				ProcessInitializeOnLoadAttributes (150ms)
				ProcessInitializeOnLoadMethodAttributes (50ms)
				AfterProcessingInitializeOnLoad (0ms)
				EditorAssembliesLoaded (1ms)
			ExecutionOrderSort2 (0ms)
			AwakeInstancesAfterBackupRestoration (0ms)
Platform modules already initialized, skipping
Registering precompiled user dll's ...
Registered in 0.010802 seconds.
Begin MonoManager ReloadAssembly
Native extension for WindowsStandalone target not found
Native extension for WebGL target not found
Refreshing native plugins compatible for Editor in 0.72 ms, found 2 plugins.
Preloading 0 native plugins for Editor in 0.00 ms.
Mono: successfully reloaded assembly
- Completed reload, in  1.905 seconds
Domain Reload Profiling:
	ReloadAssembly (1907ms)
		BeginReloadAssembly (287ms)
			ExecutionOrderSort (0ms)
			DisableScriptedObjects (9ms)
			BackupInstance (0ms)
			ReleaseScriptingObjects (0ms)
			CreateAndSetChildDomain (34ms)
		EndReloadAssembly (1499ms)
			LoadAssemblies (188ms)
			RebuildTransferFunctionScriptingTraits (0ms)
			SetupTypeCache (513ms)
			ReleaseScriptCaches (1ms)
			RebuildScriptCaches (71ms)
			SetupLoadedEditorAssemblies (596ms)
				LogAssemblyErrors (0ms)
				InitializePlatformSupportModulesInManaged (11ms)
				SetLoadedEditorAssemblies (2ms)
				RefreshPlugins (1ms)
				BeforeProcessingInitializeOnLoad (188ms)
				ProcessInitializeOnLoadAttributes (366ms)
				ProcessInitializeOnLoadMethodAttributes (15ms)
				AfterProcessingInitializeOnLoad (13ms)
				EditorAssembliesLoaded (0ms)
			ExecutionOrderSort2 (0ms)
			AwakeInstancesAfterBackupRestoration (14ms)
Platform modules already initialized, skipping
========================================================================
Worker process is ready to serve import requests
Launched and connected shader compiler UnityShaderCompiler.exe after 0.07 seconds
Refreshing native plugins compatible for Editor in 0.88 ms, found 2 plugins.
Preloading 0 native plugins for Editor in 0.00 ms.
Unloading 1915 Unused Serialized files (Serialized files now loaded: 0)
System memory in use before: 87.6 MB.
System memory in use after: 87.6 MB.

Unloading 20 unused Assets to reduce memory usage. Loaded Objects now: 2349.
Total: 7.437600 ms (FindLiveObjects: 0.286700 ms CreateObjectMapping: 0.154500 ms MarkObjects: 6.793300 ms  DeleteObjects: 0.201300 ms)

AssetImportParameters requested are different than current active one (requested -> active):
  custom:framework-win-MediaFoundation: 216162199b28c13a410421893ffa2e32 -> 
  custom:video-decoder-ogg-theora: a1e56fd34408186e4bbccfd4996cb3dc -> 
  custom:container-muxer-webm: aa71ff27fc2769a1b78a27578f13a17b -> 
  custom:container-demuxer-webm: 4f35f7cbe854078d1ac9338744f61a02 -> 
  custom:container-demuxer-ogg: 62fdf1f143b41e24485cea50d1cbac27 -> 
  custom:video-encoder-webm-vp8: eb34c28f22e8b96e1ab97ce403110664 -> 
  custom:video-codec-MediaFoundation-h265: 746d11721c4dcdbdad8f713fa42b33f4 -> 
  custom:video-decoder-webm-vp8: 9c59270c3fd7afecdb556c50c9e8de78 -> 
  custom:audio-decoder-ogg-vorbis: bf7c407c2cedff20999df2af8eb42d56 -> 
  custom:audio-encoder-webm-vorbis: bf7c407c2cedff20999df2af8eb42d56 -> 
========================================================================
Received Import Request.
  path: Assets/Scenes/Cabinet.unity
  artifactKey: Guid(430165b6ff47aee4792bba65dc012d4c) Importer(815301076,1909f56bfc062723c751e8b465ee728b)
Start importing Assets/Scenes/Cabinet.unity using Guid(430165b6ff47aee4792bba65dc012d4c) Importer(815301076,1909f56bfc062723c751e8b465ee728b)  -> (artifact id: '6b55d600117fdf29506295fa825ac12d') in 0.034383 seconds 
  Import took 0.040541 seconds .

========================================================================
Received Import Request.
  Time since last request: 71.000672 seconds.
  path: Assets/Scenes/Table/Leg.prefab
  artifactKey: Guid(3d994f079ef9d1b4eb4a73d4b5e9d130) Importer(815301076,1909f56bfc062723c751e8b465ee728b)
Start importing Assets/Scenes/Table/Leg.prefab using Guid(3d994f079ef9d1b4eb4a73d4b5e9d130) Importer(815301076,1909f56bfc062723c751e8b465ee728b)  -> (artifact id: 'c0129b83885a0508274300a671648c20') in 0.140141 seconds 
  Import took 0.145128 seconds .

========================================================================
Received Import Request.
  Time since last request: 0.000257 seconds.
  path: Assets/TextMesh Pro/Examples & Extras/Prefabs/Text Popup.prefab
  artifactKey: Guid(b06f0e6c1dfa4356ac918da1bb32c603) Importer(815301076,1909f56bfc062723c751e8b465ee728b)
Start importing Assets/TextMesh Pro/Examples & Extras/Prefabs/Text Popup.prefab using Guid(b06f0e6c1dfa4356ac918da1bb32c603) Importer(815301076,1909f56bfc062723c751e8b465ee728b)  -> (artifact id: '9940af339e5557192e1099bb86c310b5') in 0.131723 seconds 
  Import took 0.137047 seconds .

========================================================================
Received Import Request.
  Time since last request: 0.000290 seconds.
  path: Assets/Scenes/Table/Table.prefab
  artifactKey: Guid(c446fd31266a9074d9df8570319db1d5) Importer(815301076,1909f56bfc062723c751e8b465ee728b)
Start importing Assets/Scenes/Table/Table.prefab using Guid(c446fd31266a9074d9df8570319db1d5) Importer(815301076,1909f56bfc062723c751e8b465ee728b)  -> (artifact id: '3a078e04f3acb684f3bee769a68fb4e0') in 0.034177 seconds 
  Import took 0.040156 seconds .

========================================================================
Received Import Request.
  Time since last request: 0.001118 seconds.
  path: Assets/Scenes/Tools/uploads_files_243078_screw22.obj
  artifactKey: Guid(5ca5f568fa4553341b95e10b62c7088d) Importer(815301076,1909f56bfc062723c751e8b465ee728b)
Start importing Assets/Scenes/Tools/uploads_files_243078_screw22.obj using Guid(5ca5f568fa4553341b95e10b62c7088d) Importer(815301076,1909f56bfc062723c751e8b465ee728b)  -> (artifact id: 'd41ae6f0fff7ce1894963b47c1cbc1eb') in 0.158967 seconds 
  Import took 0.164777 seconds .

========================================================================
Received Import Request.
  Time since last request: 33.745759 seconds.
  path: Assets/Scenes/Cabinet
  artifactKey: Guid(07bde8173c9bcfa49985a1c076aa4e19) Importer(815301076,1909f56bfc062723c751e8b465ee728b)
Start importing Assets/Scenes/Cabinet using Guid(07bde8173c9bcfa49985a1c076aa4e19) Importer(815301076,1909f56bfc062723c751e8b465ee728b)  -> (artifact id: '123477f3a93fef85f45e3c26f187afc9') in 0.008348 seconds 
  Import took 0.018931 seconds .

========================================================================
Received Import Request.
  Time since last request: 1353.158181 seconds.
  path: Assets/Scenes/Table
  artifactKey: Guid(d95a85879bc73484da5b0e0fcacccc28) Importer(815301076,1909f56bfc062723c751e8b465ee728b)
Start importing Assets/Scenes/Table using Guid(d95a85879bc73484da5b0e0fcacccc28) Importer(815301076,1909f56bfc062723c751e8b465ee728b)  -> (artifact id: '5d202750bcad407af232594ecc88990a') in 0.005298 seconds 
  Import took 0.010304 seconds .

========================================================================
Received Import Request.
  Time since last request: 2168.530808 seconds.
  path: Assets/Scenes/Table/18.5 mm Cam Lock.stl
  artifactKey: Guid(be1cdafc68239094ba553dd055968659) Importer(815301076,1909f56bfc062723c751e8b465ee728b)
Start importing Assets/Scenes/Table/18.5 mm Cam Lock.stl using Guid(be1cdafc68239094ba553dd055968659) Importer(815301076,1909f56bfc062723c751e8b465ee728b)  -> (artifact id: 'afeb12fe0e33aac3cd4f3287f00caf84') in 0.079089 seconds 
  Import took 0.129775 seconds .

========================================================================
Received Import Request.
  Time since last request: 140.226525 seconds.
  path: Assets/Scenes/Table/CE3PRO_18.5 mm Cam Lock.3mf
  artifactKey: Guid(43867af500616894d9889219e7fea5c2) Importer(815301076,1909f56bfc062723c751e8b465ee728b)
Start importing Assets/Scenes/Table/CE3PRO_18.5 mm Cam Lock.3mf using Guid(43867af500616894d9889219e7fea5c2) Importer(815301076,1909f56bfc062723c751e8b465ee728b)  -> (artifact id: '9caa73c887be09e624b4e329b6993691') in 0.029903 seconds 
  Import took 0.040595 seconds .

========================================================================
Received Import Request.
  Time since last request: 36.561868 seconds.
  path: Assets/Scenes/Table/CE3PRO_18.5 mm Cam Lock.obj
  artifactKey: Guid(1466c6d4cb4f6a949a7815dd54b61bd2) Importer(815301076,1909f56bfc062723c751e8b465ee728b)
Start importing Assets/Scenes/Table/CE3PRO_18.5 mm Cam Lock.obj using Guid(1466c6d4cb4f6a949a7815dd54b61bd2) Importer(815301076,1909f56bfc062723c751e8b465ee728b)  -> (artifact id: '6b9a486096a0a1cd89dd9d44f605cd3f') in 0.263880 seconds 
  Import took 0.272019 seconds .

========================================================================
Received Import Request.
  Time since last request: 188.965109 seconds.
  path: Assets/Scenes/Cabinet/camlock.prefab
  artifactKey: Guid(e13985732c260d34b9b79ff7b497ca82) Importer(815301076,1909f56bfc062723c751e8b465ee728b)
Start importing Assets/Scenes/Cabinet/camlock.prefab using Guid(e13985732c260d34b9b79ff7b497ca82) Importer(815301076,1909f56bfc062723c751e8b465ee728b)  -> (artifact id: '249b8c63a2bcdf9c513d24072218b525') in 0.022713 seconds 
  Import took 0.029424 seconds .

========================================================================
Received Import Request.
  Time since last request: 77.984222 seconds.
  path: Assets/Scenes/Cabinet/CE3PRO_41mm Cam Dowel.obj
  artifactKey: Guid(bbf4df0696d431142ac01be9bfe10e3e) Importer(815301076,1909f56bfc062723c751e8b465ee728b)
Start importing Assets/Scenes/Cabinet/CE3PRO_41mm Cam Dowel.obj using Guid(bbf4df0696d431142ac01be9bfe10e3e) Importer(815301076,1909f56bfc062723c751e8b465ee728b)  -> (artifact id: '60f05bdd14fe96ba23996735aa8d6f70') in 0.089634 seconds 
  Import took 0.097871 seconds .

========================================================================
Received Import Request.
  Time since last request: 173.350692 seconds.
  path: Assets/Scenes/Cabinet/dowel.prefab
  artifactKey: Guid(c311baf9a1fabc24ba162741ad19d4d7) Importer(815301076,1909f56bfc062723c751e8b465ee728b)
Start importing Assets/Scenes/Cabinet/dowel.prefab using Guid(c311baf9a1fabc24ba162741ad19d4d7) Importer(815301076,1909f56bfc062723c751e8b465ee728b)  -> (artifact id: '615ded86c4c5fb5ebbdc465acc80cc1b') in 0.023380 seconds 
  Import took 0.032885 seconds .

========================================================================
Received Import Request.
  Time since last request: 48.064431 seconds.
  path: Assets/Scenes/Cabinet/dowel.prefab
  artifactKey: Guid(c311baf9a1fabc24ba162741ad19d4d7) Importer(815301076,1909f56bfc062723c751e8b465ee728b)
Start importing Assets/Scenes/Cabinet/dowel.prefab using Guid(c311baf9a1fabc24ba162741ad19d4d7) Importer(815301076,1909f56bfc062723c751e8b465ee728b)  -> (artifact id: 'e2d7628e227d887c28dccfbcf53a89cf') in 0.025188 seconds 
  Import took 0.032158 seconds .

========================================================================
Received Import Request.
  Time since last request: 5.824350 seconds.
  path: Assets/Scenes/Cabinet/dowel.prefab
  artifactKey: Guid(c311baf9a1fabc24ba162741ad19d4d7) Importer(815301076,1909f56bfc062723c751e8b465ee728b)
Start importing Assets/Scenes/Cabinet/dowel.prefab using Guid(c311baf9a1fabc24ba162741ad19d4d7) Importer(815301076,1909f56bfc062723c751e8b465ee728b)  -> (artifact id: 'a1a8fb2d7eab50e2dc2fb0ba6be5d8c7') in 0.019629 seconds 
  Import took 0.025785 seconds .

========================================================================
Received Import Request.
  Time since last request: 14.447527 seconds.
  path: Assets/Scenes/Cabinet/dowel.prefab
  artifactKey: Guid(c311baf9a1fabc24ba162741ad19d4d7) Importer(815301076,1909f56bfc062723c751e8b465ee728b)
Start importing Assets/Scenes/Cabinet/dowel.prefab using Guid(c311baf9a1fabc24ba162741ad19d4d7) Importer(815301076,1909f56bfc062723c751e8b465ee728b)  -> (artifact id: '65150250bf1bcf000e7950ab1d428f87') in 0.024076 seconds 
  Import took 0.029976 seconds .

AssetImportWorkerClient::OnTransportError - code=2 error=End of file
